*** Assigned Lonepeak Node:  lp114
__________________________________________________________________________________________

Matrix dimension Ni: 8192, Nj 8192, Nk: 16
Max Threads (from omp_get_max_threads) = 40

A x B    Reference sequential performance for AB (in GFLOPS) Min: 1.77; Max: 1.77
         Performance of parallel version for AB (in GFLOPS) 1/19/39 using threads
         Best Performance  (GFLOPS || Speedup): 8.79 76.64 74.43 || 4.97 43.36 42.11 
         Worst Performance (GFLOPS || Speedup): 8.79 73.92 72.21 || 4.97 41.80 40.84 

At x B   Reference sequential performance for ATB (in GFLOPS) Min: 1.29; Max: 1.29
         Performance of parallel version for ATB (in GFLOPS) 1/19/39 using threads
         Best Performance  (GFLOPS || Speedup): 8.78 76.56 74.67 || 6.81 59.40 57.93 
         Worst Performance (GFLOPS || Speedup): 8.77 75.31 67.57 || 6.80 58.42 52.41 

A x Bt   Reference sequential performance for ABT (in GFLOPS) Min: 3.54; Max: 3.56
         Performance of parallel version for ABT (in GFLOPS) 1/19/39 using threads
         Best Performance  (GFLOPS || Speedup): 8.89 76.32 73.95 || 2.51 21.55 20.88 
         Worst Performance (GFLOPS || Speedup): 8.88 75.71 63.62 || 2.50 21.29 17.89 

At x Bt  Reference sequential performance for ATBT (in GFLOPS) Min: 1.82; Max: 1.82
         Performance of parallel version for ATBT (in GFLOPS) 1/19/39 using threads
         Best Performance  (GFLOPS || Speedup): 8.87 75.02 74.21 || 4.88 41.24 40.79 
         Worst Performance (GFLOPS || Speedup): 8.86 74.78 69.78 || 4.87 41.10 38.35 
__________________________________________________________________________________________

Matrix dimension Ni: 4096, Nj 4096, Nk: 64
Max Threads (from omp_get_max_threads) = 40

A x B    Reference sequential performance for AB (in GFLOPS) Min: 1.13; Max: 1.13
         Performance of parallel version for AB (in GFLOPS) 1/19/39 using threads
         Best Performance  (GFLOPS || Speedup): 9.84 166.09 175.45 || 8.68 146.56 154.81 
         Worst Performance (GFLOPS || Speedup): 9.82 154.94 140.89 || 8.66 136.70 124.30 

At x B   Reference sequential performance for ATB (in GFLOPS) Min: 0.67; Max: 0.67
         Performance of parallel version for ATB (in GFLOPS) 1/19/39 using threads
         Best Performance  (GFLOPS || Speedup): 9.82 161.92 171.27 || 14.63 241.09 255.02 
         Worst Performance (GFLOPS || Speedup): 9.81 159.66 145.13 || 14.61 237.67 216.03 

A x Bt   Reference sequential performance for ABT (in GFLOPS) Min: 2.66; Max: 2.69
         Performance of parallel version for ABT (in GFLOPS) 1/19/39 using threads
         Best Performance  (GFLOPS || Speedup): 9.85 156.29 171.50 || 3.70 58.72 64.43 
         Worst Performance (GFLOPS || Speedup): 9.82 151.88 124.43 || 3.66 56.55 46.33 

At x Bt  Reference sequential performance for ATBT (in GFLOPS) Min: 1.20; Max: 1.20
         Performance of parallel version for ATBT (in GFLOPS) 1/19/39 using threads
         Best Performance  (GFLOPS || Speedup): 9.79 145.28 167.43 || 8.17 121.12 139.58 
         Worst Performance (GFLOPS || Speedup): 9.78 143.33 122.64 || 8.15 119.46 102.22 
__________________________________________________________________________________________

Matrix dimension Ni: 2048, Nj 2048, Nk: 256
Max Threads (from omp_get_max_threads) = 40

A x B    Reference sequential performance for AB (in GFLOPS) Min: 0.89; Max: 0.89
         Performance of parallel version for AB (in GFLOPS) 1/19/39 using threads
         Best Performance  (GFLOPS || Speedup): 10.48 174.17 186.76 || 11.73 194.84 208.92 
         Worst Performance (GFLOPS || Speedup): 10.48 157.93 174.13 || 11.72 176.64 194.76 

At x B   Reference sequential performance for ATB (in GFLOPS) Min: 0.47; Max: 0.47
         Performance of parallel version for ATB (in GFLOPS) 1/19/39 using threads
         Best Performance  (GFLOPS || Speedup): 10.40 169.91 183.42 || 22.30 364.45 393.43 
         Worst Performance (GFLOPS || Speedup): 10.39 164.31 160.51 || 22.28 352.41 344.28 

A x Bt   Reference sequential performance for ABT (in GFLOPS) Min: 1.97; Max: 1.97
         Performance of parallel version for ABT (in GFLOPS) 1/19/39 using threads
         Best Performance  (GFLOPS || Speedup): 10.41 142.37 183.46 || 5.29 72.39 93.28 
         Worst Performance (GFLOPS || Speedup): 10.40 136.73 154.50 || 5.28 69.45 78.48 

At x Bt  Reference sequential performance for ATBT (in GFLOPS) Min: 0.86; Max: 0.86
         Performance of parallel version for ATBT (in GFLOPS) 1/19/39 using threads
         Best Performance  (GFLOPS || Speedup): 10.32 165.07 180.42 || 12.05 192.65 210.57 
         Worst Performance (GFLOPS || Speedup): 10.32 149.27 166.76 || 12.04 174.18 194.59 
__________________________________________________________________________________________

Matrix dimension Ni: 1024, Nj 1024, Nk: 1024
Max Threads (from omp_get_max_threads) = 40

A x B    Reference sequential performance for AB (in GFLOPS) Min: 0.91; Max: 0.91
         Performance of parallel version for AB (in GFLOPS) 1/19/39 using threads
         Best Performance  (GFLOPS || Speedup): 10.14 130.51 165.34 || 11.21 144.20 182.68 
         Worst Performance (GFLOPS || Speedup): 10.14 118.11 160.12 || 11.20 130.46 176.86 

At x B   Reference sequential performance for ATB (in GFLOPS) Min: 0.34; Max: 0.34
         Performance of parallel version for ATB (in GFLOPS) 1/19/39 using threads
         Best Performance  (GFLOPS || Speedup): 10.00 128.46 160.47 || 29.39 377.35 471.38 
         Worst Performance (GFLOPS || Speedup): 10.00 114.22 125.90 || 29.34 335.12 369.38 

A x Bt   Reference sequential performance for ABT (in GFLOPS) Min: 1.78; Max: 1.78
         Performance of parallel version for ABT (in GFLOPS) 1/19/39 using threads
         Best Performance  (GFLOPS || Speedup): 10.31 125.60 173.28 || 5.80 70.66 97.49 
         Worst Performance (GFLOPS || Speedup): 9.94 117.98 138.38 || 5.59 66.35 77.82 

At x Bt  Reference sequential performance for ATBT (in GFLOPS) Min: 0.86; Max: 0.86
         Performance of parallel version for ATBT (in GFLOPS) 1/19/39 using threads
         Best Performance  (GFLOPS || Speedup): 9.82 122.91 163.98 || 11.41 142.87 190.62 
         Worst Performance (GFLOPS || Speedup): 9.78 114.06 141.55 || 11.37 132.54 164.49 
__________________________________________________________________________________________

Matrix dimension Ni: 256, Nj 256, Nk: 16384
Max Threads (from omp_get_max_threads) = 40

A x B    Reference sequential performance for AB (in GFLOPS) Min: 0.70; Max: 0.70
         Performance of parallel version for AB (in GFLOPS) 1/19/39 using threads
         Best Performance  (GFLOPS || Speedup): 8.95 151.66 178.02 || 12.78 216.63 254.28 
         Worst Performance (GFLOPS || Speedup): 8.94 81.78 165.39 || 12.77 116.77 236.16 

At x B   Reference sequential performance for ATB (in GFLOPS) Min: 0.38; Max: 0.38
         Performance of parallel version for ATB (in GFLOPS) 1/19/39 using threads
         Best Performance  (GFLOPS || Speedup): 8.14 120.55 142.46 || 21.62 320.28 378.49 
         Worst Performance (GFLOPS || Speedup): 8.13 114.72 135.90 || 21.54 303.95 360.05 

A x Bt   Reference sequential performance for ABT (in GFLOPS) Min: 1.72; Max: 1.72
         Performance of parallel version for ABT (in GFLOPS) 1/19/39 using threads
         Best Performance  (GFLOPS || Speedup): 8.67 129.82 145.73 || 5.03 75.32 84.55 
         Worst Performance (GFLOPS || Speedup): 8.32 118.03 140.52 || 4.82 68.46 81.50 

At x Bt  Reference sequential performance for ATBT (in GFLOPS) Min: 0.71; Max: 0.73
         Performance of parallel version for ATBT (in GFLOPS) 1/19/39 using threads
         Best Performance  (GFLOPS || Speedup): 8.16 115.66 130.28 || 11.52 163.26 183.89 
         Worst Performance (GFLOPS || Speedup): 7.84 107.21 123.01 || 10.70 146.25 167.80 
