*** Assigned Lonepeak Node:  lp113
__________________________________________________________________________________________

Matrix dimension Ni: 8991, Nj 8991, Nk: 37
Max Threads (from omp_get_max_threads) = 40

A x B    Reference sequential performance for AB (in GFLOPS) Min: 1.98; Max: 1.98
         Performance of parallel version for AB (in GFLOPS) 1/19/39 using threads
         Best Performance  (GFLOPS || Speedup): 9.77 144.51 155.05 || 4.93 72.95 78.27 
         Worst Performance (GFLOPS || Speedup): 9.77 140.61 149.52 || 4.93 70.97 75.47 

At x B   Reference sequential performance for ATB (in GFLOPS) Min: 1.71; Max: 1.71
         Performance of parallel version for ATB (in GFLOPS) 1/19/39 using threads
         Best Performance  (GFLOPS || Speedup): 9.74 141.51 153.32 || 5.71 82.84 89.76 
         Worst Performance (GFLOPS || Speedup): 9.74 140.76 140.60 || 5.70 82.31 82.22 

A x Bt   Reference sequential performance for ABT (in GFLOPS) Min: 2.85; Max: 2.85
         Performance of parallel version for ABT (in GFLOPS) 1/19/39 using threads
         Best Performance  (GFLOPS || Speedup): 9.74 142.96 153.17 || 3.41 50.10 53.67 
         Worst Performance (GFLOPS || Speedup): 9.73 141.56 145.87 || 3.41 49.60 51.11 

At x Bt  Reference sequential performance for ATBT (in GFLOPS) Min: 2.30; Max: 2.30
         Performance of parallel version for ATBT (in GFLOPS) 1/19/39 using threads
         Best Performance  (GFLOPS || Speedup): 9.71 143.97 152.67 || 4.22 62.57 66.35 
         Worst Performance (GFLOPS || Speedup): 9.71 142.12 147.23 || 4.22 61.76 63.98 
__________________________________________________________________________________________

Matrix dimension Ni: 2997, Nj 2997, Nk: 111
Max Threads (from omp_get_max_threads) = 40

A x B    Reference sequential performance for AB (in GFLOPS) Min: 1.73; Max: 1.75
         Performance of parallel version for AB (in GFLOPS) 1/19/39 using threads
         Best Performance  (GFLOPS || Speedup): 9.98 170.86 205.40 || 5.76 98.69 118.64 
         Worst Performance (GFLOPS || Speedup): 9.97 158.99 189.78 || 5.71 91.09 108.73 

At x B   Reference sequential performance for ATB (in GFLOPS) Min: 1.59; Max: 1.59
         Performance of parallel version for ATB (in GFLOPS) 1/19/39 using threads
         Best Performance  (GFLOPS || Speedup): 9.92 168.22 201.86 || 6.25 105.92 127.10 
         Worst Performance (GFLOPS || Speedup): 9.92 163.74 189.67 || 6.24 103.06 119.38 

A x Bt   Reference sequential performance for ABT (in GFLOPS) Min: 2.31; Max: 2.31
         Performance of parallel version for ABT (in GFLOPS) 1/19/39 using threads
         Best Performance  (GFLOPS || Speedup): 9.92 159.82 199.80 || 4.30 69.22 86.54 
         Worst Performance (GFLOPS || Speedup): 9.91 157.37 136.39 || 4.29 68.04 58.97 

At x Bt  Reference sequential performance for ATBT (in GFLOPS) Min: 1.89; Max: 1.89
         Performance of parallel version for ATBT (in GFLOPS) 1/19/39 using threads
         Best Performance  (GFLOPS || Speedup): 9.86 156.35 195.01 || 5.21 82.69 103.14 
         Worst Performance (GFLOPS || Speedup): 9.84 146.78 159.50 || 5.20 77.59 84.31 
__________________________________________________________________________________________

Matrix dimension Ni: 999, Nj 999, Nk: 999
Max Threads (from omp_get_max_threads) = 40

A x B    Reference sequential performance for AB (in GFLOPS) Min: 1.63; Max: 1.63
         Performance of parallel version for AB (in GFLOPS) 1/19/39 using threads
         Best Performance  (GFLOPS || Speedup): 9.88 149.66 184.85 || 6.06 91.86 113.47 
         Worst Performance (GFLOPS || Speedup): 9.87 137.03 152.04 || 6.06 84.07 93.27 

At x B   Reference sequential performance for ATB (in GFLOPS) Min: 0.52; Max: 0.52
         Performance of parallel version for ATB (in GFLOPS) 1/19/39 using threads
         Best Performance  (GFLOPS || Speedup): 9.72 144.77 180.74 || 18.70 278.44 347.61 
         Worst Performance (GFLOPS || Speedup): 9.69 135.18 108.81 || 18.61 259.72 209.04 

A x Bt   Reference sequential performance for ABT (in GFLOPS) Min: 1.75; Max: 1.75
         Performance of parallel version for ABT (in GFLOPS) 1/19/39 using threads
         Best Performance  (GFLOPS || Speedup): 9.73 126.62 187.91 || 5.57 72.46 107.54 
         Worst Performance (GFLOPS || Speedup): 9.69 123.35 144.55 || 5.55 70.56 82.68 

At x Bt  Reference sequential performance for ATBT (in GFLOPS) Min: 1.70; Max: 1.70
         Performance of parallel version for ATBT (in GFLOPS) 1/19/39 using threads
         Best Performance  (GFLOPS || Speedup): 9.57 129.67 181.43 || 5.62 76.08 106.45 
         Worst Performance (GFLOPS || Speedup): 9.48 122.90 148.00 || 5.56 72.09 86.81 
__________________________________________________________________________________________

Matrix dimension Ni: 333, Nj 333, Nk: 8991
Max Threads (from omp_get_max_threads) = 40

A x B    Reference sequential performance for AB (in GFLOPS) Min: 0.77; Max: 0.77
         Performance of parallel version for AB (in GFLOPS) 1/19/39 using threads
         Best Performance  (GFLOPS || Speedup): 9.14 103.32 129.76 || 11.84 133.77 168.00 
         Worst Performance (GFLOPS || Speedup): 9.07 88.12 121.02 || 11.75 114.06 156.66 

At x B   Reference sequential performance for ATB (in GFLOPS) Min: 0.40; Max: 0.40
         Performance of parallel version for ATB (in GFLOPS) 1/19/39 using threads
         Best Performance  (GFLOPS || Speedup): 8.45 94.01 119.24 || 21.27 236.71 300.25 
         Worst Performance (GFLOPS || Speedup): 8.44 86.65 106.60 || 21.24 218.13 268.37 

A x Bt   Reference sequential performance for ABT (in GFLOPS) Min: 1.70; Max: 1.70
         Performance of parallel version for ABT (in GFLOPS) 1/19/39 using threads
         Best Performance  (GFLOPS || Speedup): 8.80 95.35 123.78 || 5.18 56.12 72.86 
         Worst Performance (GFLOPS || Speedup): 8.64 87.89 111.33 || 5.07 51.60 65.36 

At x Bt  Reference sequential performance for ATBT (in GFLOPS) Min: 0.77; Max: 0.77
         Performance of parallel version for ATBT (in GFLOPS) 1/19/39 using threads
         Best Performance  (GFLOPS || Speedup): 8.11 85.91 106.27 || 10.52 111.47 137.89 
         Worst Performance (GFLOPS || Speedup): 7.97 81.12 102.97 || 10.32 104.93 133.20 
__________________________________________________________________________________________

Matrix dimension Ni: 111, Nj 111, Nk: 80919
Max Threads (from omp_get_max_threads) = 40

A x B    Reference sequential performance for AB (in GFLOPS) Min: 0.66; Max: 0.66
         Performance of parallel version for AB (in GFLOPS) 1/19/39 using threads
         Best Performance  (GFLOPS || Speedup): 4.52 55.85 99.97 || 6.85 84.62 151.45 
         Worst Performance (GFLOPS || Speedup): 4.51 54.33 92.89 || 6.83 82.25 140.64 

At x B   Reference sequential performance for ATB (in GFLOPS) Min: 0.40; Max: 0.40
         Performance of parallel version for ATB (in GFLOPS) 1/19/39 using threads
         Best Performance  (GFLOPS || Speedup): 3.43 41.98 73.17 || 8.64 105.66 184.16 
         Worst Performance (GFLOPS || Speedup): 3.42 40.38 71.49 || 8.60 101.59 179.86 

A x Bt   Reference sequential performance for ABT (in GFLOPS) Min: 1.63; Max: 1.63
         Performance of parallel version for ABT (in GFLOPS) 1/19/39 using threads
         Best Performance  (GFLOPS || Speedup): 4.29 54.21 87.71 || 2.64 33.32 53.91 
         Worst Performance (GFLOPS || Speedup): 4.27 52.74 85.72 || 2.62 32.35 52.57 

At x Bt  Reference sequential performance for ATBT (in GFLOPS) Min: 0.69; Max: 0.69
         Performance of parallel version for ATBT (in GFLOPS) 1/19/39 using threads
         Best Performance  (GFLOPS || Speedup): 3.90 40.91 64.93 || 5.63 59.10 93.80 
         Worst Performance (GFLOPS || Speedup): 3.84 39.03 63.60 || 5.55 56.36 91.84 
